This is pdfTeX, Version 3.14159265-2.6-1.40.21 (MiKTeX 20.10) (preloaded format=pdflatex 2020.11.1)  23 NOV 2020 07:50
entering extended mode
**./report.tex
(report.tex
LaTeX2e <2020-10-01> patch level 1
L3 programming layer <2020-10-05> xparse <2020-03-03>
(C:\Users\giaco\AppData\Local\Programs\MiKTeX\tex/latex/base\article.cls
Document Class: article 2020/04/10 v1.4m Standard LaTeX document class
(C:\Users\giaco\AppData\Local\Programs\MiKTeX\tex/latex/base\size10.clo
File: size10.clo 2020/04/10 v1.4m Standard LaTeX file (size option)
)
\c@part=\count175
\c@section=\count176
\c@subsection=\count177
\c@subsubsection=\count178
\c@paragraph=\count179
\c@subparagraph=\count180
\c@figure=\count181
\c@table=\count182
\abovecaptionskip=\skip47
\belowcaptionskip=\skip48
\bibindent=\dimen138
)
(C:\Users\giaco\AppData\Local\Programs\MiKTeX\tex/latex/graphics\graphicx.sty
Package: graphicx 2020/09/09 v1.2b Enhanced LaTeX Graphics (DPC,SPQR)

(C:\Users\giaco\AppData\Local\Programs\MiKTeX\tex/latex/graphics\keyval.sty
Package: keyval 2014/10/28 v1.15 key=value parser (DPC)
\KV@toks@=\toks15
)
(C:\Users\giaco\AppData\Local\Programs\MiKTeX\tex/latex/graphics\graphics.sty
Package: graphics 2020/08/30 v1.4c Standard LaTeX Graphics (DPC,SPQR)

(C:\Users\giaco\AppData\Local\Programs\MiKTeX\tex/latex/graphics\trig.sty
Package: trig 2016/01/03 v1.10 sin cos tan (DPC)
)
(C:\Users\giaco\AppData\Local\Programs\MiKTeX\tex/latex/graphics-cfg\graphics.c
fg
File: graphics.cfg 2016/06/04 v1.11 sample graphics configuration
)
Package graphics Info: Driver file: pdftex.def on input line 105.

(C:\Users\giaco\AppData\Local\Programs\MiKTeX\tex/latex/graphics-def\pdftex.def
File: pdftex.def 2020/10/05 v1.2a Graphics/color driver for pdftex
))
\Gin@req@height=\dimen139
\Gin@req@width=\dimen140
) (C:\Users\giaco\AppData\Local\Programs\MiKTeX\tex/latex/amsmath\amsmath.sty
Package: amsmath 2020/09/23 v2.17i AMS math features
\@mathmargin=\skip49
For additional information on amsmath, use the `?' option.
(C:\Users\giaco\AppData\Local\Programs\MiKTeX\tex/latex/amsmath\amstext.sty
Package: amstext 2000/06/29 v2.01 AMS text

(C:\Users\giaco\AppData\Local\Programs\MiKTeX\tex/latex/amsmath\amsgen.sty
File: amsgen.sty 1999/11/30 v2.0 generic functions
\@emptytoks=\toks16
\ex@=\dimen141
))
(C:\Users\giaco\AppData\Local\Programs\MiKTeX\tex/latex/amsmath\amsbsy.sty
Package: amsbsy 1999/11/29 v1.2d Bold Symbols
\pmbraise@=\dimen142
)
(C:\Users\giaco\AppData\Local\Programs\MiKTeX\tex/latex/amsmath\amsopn.sty
Package: amsopn 2016/03/08 v2.02 operator names
)
\inf@bad=\count183
LaTeX Info: Redefining \frac on input line 234.
\uproot@=\count184
\leftroot@=\count185
LaTeX Info: Redefining \overline on input line 399.
\classnum@=\count186
\DOTSCASE@=\count187
LaTeX Info: Redefining \ldots on input line 496.
LaTeX Info: Redefining \dots on input line 499.
LaTeX Info: Redefining \cdots on input line 620.
\Mathstrutbox@=\box47
\strutbox@=\box48
\big@size=\dimen143
LaTeX Font Info:    Redeclaring font encoding OML on input line 743.
LaTeX Font Info:    Redeclaring font encoding OMS on input line 744.
\macc@depth=\count188
\c@MaxMatrixCols=\count189
\dotsspace@=\muskip16
\c@parentequation=\count190
\dspbrk@lvl=\count191
\tag@help=\toks17
\row@=\count192
\column@=\count193
\maxfields@=\count194
\andhelp@=\toks18
\eqnshift@=\dimen144
\alignsep@=\dimen145
\tagshift@=\dimen146
\tagwidth@=\dimen147
\totwidth@=\dimen148
\lineht@=\dimen149
\@envbody=\toks19
\multlinegap=\skip50
\multlinetaggap=\skip51
\mathdisplay@stack=\toks20
LaTeX Info: Redefining \[ on input line 2923.
LaTeX Info: Redefining \] on input line 2924.
)
(C:\Users\giaco\AppData\Local\Programs\MiKTeX\tex/latex/amsfonts\amssymb.sty
Package: amssymb 2013/01/14 v3.01 AMS font symbols

(C:\Users\giaco\AppData\Local\Programs\MiKTeX\tex/latex/amsfonts\amsfonts.sty
Package: amsfonts 2013/01/14 v3.01 Basic AMSFonts support
\symAMSa=\mathgroup4
\symAMSb=\mathgroup5
LaTeX Font Info:    Redeclaring math symbol \hbar on input line 98.
LaTeX Font Info:    Overwriting math alphabet `\mathfrak' in version `bold'
(Font)                  U/euf/m/n --> U/euf/b/n on input line 106.
)) (C:\Users\giaco\AppData\Local\Programs\MiKTeX\tex/generic/babel\babel.sty
Package: babel 2020/10/06 3.50 The Babel package

(C:\Users\giaco\AppData\Local\Programs\MiKTeX\tex/generic/babel\babel.def
File: babel.def 2020/10/06 3.50 Babel common definitions
\babel@savecnt=\count195
\U@D=\dimen150
\l@babelnohyphens=\language79

(C:\Users\giaco\AppData\Local\Programs\MiKTeX\tex/generic/babel\txtbabel.def)
\bbl@readstream=\read2
)
\bbl@dirlevel=\count196

*************************************
* Local config file bblopts.cfg used
*
(C:\Users\giaco\AppData\Local\Programs\MiKTeX\tex/latex/arabi\bblopts.cfg
File: bblopts.cfg 2005/09/08 v0.1 add Arabic and Farsi to "declared" options of
 babel
)
(C:\Users\giaco\AppData\Local\Programs\MiKTeX\tex/latex/babel-english\english.l
df
Language: english 2017/06/06 v3.3r English support from the babel system
Package babel Info: \l@canadian = using hyphenrules for english
(babel)             (\language0) on input line 102.
Package babel Info: \l@australian = using hyphenrules for ukenglish
(babel)             (\language73) on input line 105.
Package babel Info: \l@newzealand = using hyphenrules for ukenglish
(babel)             (\language73) on input line 108.
)) (C:\Users\giaco\AppData\Local\Programs\MiKTeX\tex/latex/base\inputenc.sty
Package: inputenc 2020/08/01 v1.3d Input encoding file
\inpenc@prehook=\toks21
\inpenc@posthook=\toks22

(C:\Users\giaco\AppData\Local\Programs\MiKTeX\tex/latex/base\latin1.def
File: latin1.def 2020/08/01 v1.3d Input encoding file
))
(C:\Users\giaco\AppData\Local\Programs\MiKTeX\tex/latex/geometry\geometry.sty
Package: geometry 2020/01/02 v5.9 Page Geometry

(C:\Users\giaco\AppData\Local\Programs\MiKTeX\tex/generic/iftex\ifvtex.sty
Package: ifvtex 2019/10/25 v1.7 ifvtex legacy package. Use iftex instead.

(C:\Users\giaco\AppData\Local\Programs\MiKTeX\tex/generic/iftex\iftex.sty
Package: iftex 2020/03/06 v1.0d TeX engine tests
))
\Gm@cnth=\count197
\Gm@cntv=\count198
\c@Gm@tempcnt=\count199
\Gm@bindingoffset=\dimen151
\Gm@wd@mp=\dimen152
\Gm@odd@mp=\dimen153
\Gm@even@mp=\dimen154
\Gm@layoutwidth=\dimen155
\Gm@layoutheight=\dimen156
\Gm@layouthoffset=\dimen157
\Gm@layoutvoffset=\dimen158
\Gm@dimlist=\toks23

(C:\Users\giaco\AppData\Local\Programs\MiKTeX\tex/latex/geometry\geometry.cfg))

(C:\Users\giaco\AppData\Local\Programs\MiKTeX\tex/latex/l3backend\l3backend-pdf
tex.def
File: l3backend-pdftex.def 2020-09-24 L3 backend support: PDF output (pdfTeX)
\l__kernel_color_stack_int=\count266
\l__pdf_internal_box=\box49
) (report.aux)
\openout1 = `report.aux'.

LaTeX Font Info:    Checking defaults for OML/cmm/m/it on input line 14.
LaTeX Font Info:    ... okay on input line 14.
LaTeX Font Info:    Checking defaults for OMS/cmsy/m/n on input line 14.
LaTeX Font Info:    ... okay on input line 14.
LaTeX Font Info:    Checking defaults for OT1/cmr/m/n on input line 14.
LaTeX Font Info:    ... okay on input line 14.
LaTeX Font Info:    Checking defaults for T1/cmr/m/n on input line 14.
LaTeX Font Info:    ... okay on input line 14.
LaTeX Font Info:    Checking defaults for TS1/cmr/m/n on input line 14.
LaTeX Font Info:    ... okay on input line 14.
LaTeX Font Info:    Checking defaults for OMX/cmex/m/n on input line 14.
LaTeX Font Info:    ... okay on input line 14.
LaTeX Font Info:    Checking defaults for U/cmr/m/n on input line 14.
LaTeX Font Info:    ... okay on input line 14.

(C:\Users\giaco\AppData\Local\Programs\MiKTeX\tex/context/base/mkii\supp-pdf.mk
ii
[Loading MPS to PDF converter (version 2006.09.02).]
\scratchcounter=\count267
\scratchdimen=\dimen159
\scratchbox=\box50
\nofMPsegments=\count268
\nofMParguments=\count269
\everyMPshowfont=\toks24
\MPscratchCnt=\count270
\MPscratchDim=\dimen160
\MPnumerator=\count271
\makeMPintoPDFobject=\count272
\everyMPtoPDFconversion=\toks25
)
(C:\Users\giaco\AppData\Local\Programs\MiKTeX\tex/latex/epstopdf-pkg\epstopdf-b
ase.sty
Package: epstopdf-base 2020-01-24 v2.11 Base part for package epstopdf
Package epstopdf-base Info: Redefining graphics rule for `.eps' on input line 4
85.
)
*geometry* driver: auto-detecting
*geometry* detected driver: pdftex
*geometry* verbose mode - [ preamble ] result:
* driver: pdftex
* paper: a4paper
* layout: <same size as paper>
* layoutoffset:(h,v)=(0.0pt,0.0pt)
* modes: 
* h-part:(L,W,R)=(90.3375pt, 416.83289pt, 90.3375pt)
* v-part:(T,H,B)=(90.3375pt, 664.37186pt, 90.3375pt)
* \paperwidth=597.50787pt
* \paperheight=845.04684pt
* \textwidth=416.83289pt
* \textheight=664.37186pt
* \oddsidemargin=18.0675pt
* \evensidemargin=18.0675pt
* \topmargin=-18.9325pt
* \headheight=12.0pt
* \headsep=25.0pt
* \topskip=10.0pt
* \footskip=30.0pt
* \marginparwidth=57.0pt
* \marginparsep=11.0pt
* \columnsep=10.0pt
* \skip\footins=9.0pt plus 4.0pt minus 2.0pt
* \hoffset=0.0pt
* \voffset=0.0pt
* \mag=1000
* \@twocolumnfalse
* \@twosidefalse
* \@mparswitchfalse
* \@reversemarginfalse
* (1in=72.27pt=25.4mm, 1cm=28.453pt)

LaTeX Font Info:    Trying to load font information for U+msa on input line 24.

(C:\Users\giaco\AppData\Local\Programs\MiKTeX\tex/latex/amsfonts\umsa.fd
File: umsa.fd 2013/01/14 v3.01 AMS symbols A
)
LaTeX Font Info:    Trying to load font information for U+msb on input line 24.


(C:\Users\giaco\AppData\Local\Programs\MiKTeX\tex/latex/amsfonts\umsb.fd
File: umsb.fd 2013/01/14 v3.01 AMS symbols B
)
(report.toc)
\tf@toc=\write3
\openout3 = `report.toc'.

 [1

{C:/Users/giaco/AppData/Local/MiKTeX/pdftex/config/pdftex.map}]
<../img//ckt1.png, id=9, 649.67719pt x 298.86656pt>
File: ../img//ckt1.png Graphic file (type png)
<use ../img//ckt1.png>
Package pdftex.def Info: ../img//ckt1.png  used on input line 37.
(pdftex.def)             Requested size: 291.78174pt x 134.22876pt.

[2 <../img//ckt1.png>]
<../img//plot1-2-1.png, id=20, 1025.33063pt x 453.19313pt>
File: ../img//plot1-2-1.png Graphic file (type png)
<use ../img//plot1-2-1.png>
Package pdftex.def Info: ../img//plot1-2-1.png  used on input line 89.
(pdftex.def)             Requested size: 333.46758pt x 147.38974pt.
<../img//plot1-2-2.png, id=21, 1025.33063pt x 453.19313pt>
File: ../img//plot1-2-2.png Graphic file (type png)
<use ../img//plot1-2-2.png>
Package pdftex.def Info: ../img//plot1-2-2.png  used on input line 96.
(pdftex.def)             Requested size: 333.46758pt x 147.38974pt.
<../img//plot1-2-3.png, id=22, 1025.33063pt x 453.19313pt>
File: ../img//plot1-2-3.png Graphic file (type png)
<use ../img//plot1-2-3.png>
Package pdftex.def Info: ../img//plot1-2-3.png  used on input line 103.
(pdftex.def)             Requested size: 333.46758pt x 147.38974pt.


LaTeX Warning: `!h' float specifier changed to `!ht'.

[3 <../img//plot1-2-1.png> <../img//plot1-2-2.png>]
<../img//plot1-3-1.png, id=27, 1005.7575pt x 457.71pt>
File: ../img//plot1-3-1.png Graphic file (type png)
<use ../img//plot1-3-1.png>
Package pdftex.def Info: ../img//plot1-3-1.png  used on input line 130.
(pdftex.def)             Requested size: 416.83289pt x 189.69469pt.
 [4 <../img//plot1-2-3.png> <../img//plot1-3-1.png>]
<../img//plot1-4-1.png, id=31, 1010.27437pt x 203.25937pt>
File: ../img//plot1-4-1.png Graphic file (type png)
<use ../img//plot1-4-1.png>
Package pdftex.def Info: ../img//plot1-4-1.png  used on input line 159.
(pdftex.def)             Requested size: 416.83289pt x 83.86412pt.
<../img//plot1-4-2.png, id=32, 1010.27437pt x 203.25937pt>
File: ../img//plot1-4-2.png Graphic file (type png)
<use ../img//plot1-4-2.png>
Package pdftex.def Info: ../img//plot1-4-2.png  used on input line 172.
(pdftex.def)             Requested size: 416.83289pt x 83.86412pt.
 [5 <../img//plot1-4-1.png> <../img//plot1-4-2.png>]
<../img//plot1-5-1.png, id=37, 1025.33063pt x 453.19313pt>
File: ../img//plot1-5-1.png Graphic file (type png)
<use ../img//plot1-5-1.png>
Package pdftex.def Info: ../img//plot1-5-1.png  used on input line 185.
(pdftex.def)             Requested size: 250.10226pt x 110.53885pt.
<../img//plot1-5-2.png, id=38, 1025.33063pt x 453.19313pt>
File: ../img//plot1-5-2.png Graphic file (type png)
<use ../img//plot1-5-2.png>
Package pdftex.def Info: ../img//plot1-5-2.png  used on input line 192.
(pdftex.def)             Requested size: 250.10226pt x 110.53885pt.
<../img//plot1-5-3.png, id=39, 1025.33063pt x 453.19313pt>
File: ../img//plot1-5-3.png Graphic file (type png)
<use ../img//plot1-5-3.png>
Package pdftex.def Info: ../img//plot1-5-3.png  used on input line 199.
(pdftex.def)             Requested size: 250.10226pt x 110.53885pt.
<../img//plot-1-5-bode.png, id=40, 1010.27437pt x 203.25937pt>
File: ../img//plot-1-5-bode.png Graphic file (type png)
<use ../img//plot-1-5-bode.png>
Package pdftex.def Info: ../img//plot-1-5-bode.png  used on input line 206.
(pdftex.def)             Requested size: 416.83289pt x 83.86412pt.


LaTeX Warning: `!h' float specifier changed to `!ht'.

[6 <../img//plot1-5-1.png> <../img//plot1-5-2.png> <../img//plot1-5-3.png>]
<../img//plot-1-5-sat.png, id=44, 1010.27437pt x 203.25937pt>
File: ../img//plot-1-5-sat.png Graphic file (type png)
<use ../img//plot-1-5-sat.png>
Package pdftex.def Info: ../img//plot-1-5-sat.png  used on input line 216.
(pdftex.def)             Requested size: 416.83289pt x 83.86412pt.

Overfull \hbox (32.11232pt too wide) in paragraph at lines 221--222
[]\OT1/cmr/m/n/10 Successivamente, ri-cal-co-l-iamo ana-liti-ca-mente l'ampiezz
a del seg-nale in in-gresso per cui l'amplificatore
 []

<../img//plot-1-5-sat2.png, id=45, 1010.27437pt x 203.25937pt>
File: ../img//plot-1-5-sat2.png Graphic file (type png)
<use ../img//plot-1-5-sat2.png>
Package pdftex.def Info: ../img//plot-1-5-sat2.png  used on input line 228.
(pdftex.def)             Requested size: 416.83289pt x 83.86412pt.
[7 <../img//plot-1-5-bode.png> <../img//plot-1-5-sat.png> <../img//plot-1-5-sat
2.png>]
<../img//plot1-6-norm.png, id=50, 1010.27437pt x 203.25937pt>
File: ../img//plot1-6-norm.png Graphic file (type png)
<use ../img//plot1-6-norm.png>
Package pdftex.def Info: ../img//plot1-6-norm.png  used on input line 244.
(pdftex.def)             Requested size: 416.83289pt x 83.86412pt.
<../img//plot1-6-mod.png, id=51, 1010.27437pt x 203.25937pt>
File: ../img//plot1-6-mod.png Graphic file (type png)
<use ../img//plot1-6-mod.png>
Package pdftex.def Info: ../img//plot1-6-mod.png  used on input line 251.
(pdftex.def)             Requested size: 416.83289pt x 83.86412pt.
 [8 <../img//plot1-6-norm.png> <../img//plot1-6-mod.png>]
<../img//ckt2.png, id=55, 881.54344pt x 393.72093pt>
File: ../img//ckt2.png Graphic file (type png)
<use ../img//ckt2.png>
Package pdftex.def Info: ../img//ckt2.png  used on input line 265.
(pdftex.def)             Requested size: 291.78174pt x 130.3188pt.
 [9 <../img//ckt2.png>]
<../img//ckt2-2.png, id=59, 601.4972pt x 443.40656pt>
File: ../img//ckt2-2.png Graphic file (type png)
<use ../img//ckt2-2.png>
Package pdftex.def Info: ../img//ckt2-2.png  used on input line 302.
(pdftex.def)             Requested size: 208.41644pt x 153.63847pt.
 [10 <../img//ckt2-2.png>]
<../img//plot1-2-5.png, id=65, 1025.33063pt x 453.19313pt>
File: ../img//plot1-2-5.png Graphic file (type png)
<use ../img//plot1-2-5.png>
Package pdftex.def Info: ../img//plot1-2-5.png  used on input line 366.
(pdftex.def)             Requested size: 291.78174pt x 128.96776pt.
 [11 <../img//plot1-2-5.png>]
<../img//ckt3.png, id=69, 515.67656pt x 303.38344pt>
File: ../img//ckt3.png Graphic file (type png)
<use ../img//ckt3.png>
Package pdftex.def Info: ../img//ckt3.png  used on input line 377.
(pdftex.def)             Requested size: 208.41644pt x 122.615pt.
 [12 <../img//ckt3.png>]
<../img//plot3-1.png, id=74, 1025.33063pt x 453.19313pt>
File: ../img//plot3-1.png Graphic file (type png)
<use ../img//plot3-1.png>
Package pdftex.def Info: ../img//plot3-1.png  used on input line 420.
(pdftex.def)             Requested size: 416.83289pt x 184.24063pt.
 [13 <../img//plot3-1.png>]
<../img//plot3-100.png, id=79, 1025.33063pt x 453.19313pt>
File: ../img//plot3-100.png Graphic file (type png)
<use ../img//plot3-100.png>
Package pdftex.def Info: ../img//plot3-100.png  used on input line 443.
(pdftex.def)             Requested size: 416.83289pt x 184.24063pt.
<../img//plot3-1k.png, id=80, 1025.33063pt x 453.19313pt>
File: ../img//plot3-1k.png Graphic file (type png)
<use ../img//plot3-1k.png>
Package pdftex.def Info: ../img//plot3-1k.png  used on input line 449.
(pdftex.def)             Requested size: 416.83289pt x 184.24063pt.


LaTeX Warning: `!h' float specifier changed to `!ht'.

<../img//plot3-10k.png, id=81, 1025.33063pt x 453.19313pt>
File: ../img//plot3-10k.png Graphic file (type png)
<use ../img//plot3-10k.png>
Package pdftex.def Info: ../img//plot3-10k.png  used on input line 455.
(pdftex.def)             Requested size: 416.83289pt x 184.24063pt.

LaTeX Warning: `!h' float specifier changed to `!ht'.

<../img//plot3-10M.png, id=82, 1025.33063pt x 453.19313pt>
File: ../img//plot3-10M.png Graphic file (type png)
<use ../img//plot3-10M.png>
Package pdftex.def Info: ../img//plot3-10M.png  used on input line 461.
(pdftex.def)             Requested size: 416.83289pt x 184.24063pt.

LaTeX Warning: `!h' float specifier changed to `!ht'.

[14 <../img//plot3-100.png>] [15 <../img//plot3-1k.png> <../img//plot3-10k.png>
 <../img//plot3-10M.png>] (report.aux) ) 
Here is how much of TeX's memory you used:
 3812 strings out of 480224
 54242 string characters out of 2880103
 349224 words of memory out of 3000000
 20310 multiletter control sequences out of 15000+200000
 545139 words of font info for 69 fonts, out of 3000000 for 9000
 1141 hyphenation exceptions out of 8191
 60i,9n,66p,490b,241s stack positions out of 5000i,500n,10000p,200000b,50000s
<C:/Users/giaco/AppData/Local/Programs/
MiKTeX/fonts/type1/public/amsfonts/cm/cmbx10.pfb><C:/Users/giaco/AppData/Local/
Programs/MiKTeX/fonts/type1/public/amsfonts/cm/cmbx12.pfb><C:/Users/giaco/AppDa
ta/Local/Programs/MiKTeX/fonts/type1/public/amsfonts/cm/cmex10.pfb><C:/Users/gi
aco/AppData/Local/Programs/MiKTeX/fonts/type1/public/amsfonts/cm/cmmi10.pfb><C:
/Users/giaco/AppData/Local/Programs/MiKTeX/fonts/type1/public/amsfonts/cm/cmmi7
.pfb><C:/Users/giaco/AppData/Local/Programs/MiKTeX/fonts/type1/public/amsfonts/
cm/cmr10.pfb><C:/Users/giaco/AppData/Local/Programs/MiKTeX/fonts/type1/public/a
msfonts/cm/cmr12.pfb><C:/Users/giaco/AppData/Local/Programs/MiKTeX/fonts/type1/
public/amsfonts/cm/cmr5.pfb><C:/Users/giaco/AppData/Local/Programs/MiKTeX/fonts
/type1/public/amsfonts/cm/cmr7.pfb><C:/Users/giaco/AppData/Local/Programs/MiKTe
X/fonts/type1/public/amsfonts/cm/cmsy10.pfb><C:/Users/giaco/AppData/Local/Progr
ams/MiKTeX/fonts/type1/public/amsfonts/cm/cmsy7.pfb><C:/Users/giaco/AppData/Loc
al/Programs/MiKTeX/fonts/type1/public/amsfonts/cm/cmtt10.pfb><C:/Users/giaco/Ap
pData/Local/Programs/MiKTeX/fonts/type1/public/amsfonts/cm/cmtt9.pfb><C:/Users/
giaco/AppData/Local/Programs/MiKTeX/fonts/type1/public/amsfonts/symbols/msam10.
pfb>
Output written on report.pdf (15 pages, 464566 bytes).
PDF statistics:
 133 PDF objects out of 1000 (max. 8388607)
 0 named destinations out of 1000 (max. 500000)
 121 words of extra memory for PDF output out of 10000 (max. 10000000)

